CRITICAL - 2022-01-26 18:37:00 --> Use of undefined constant BASEPATH - assumed 'BASEPATH' (this will throw an Error in a future version of PHP)
#0 E:\xampp\htdocs\lab\app\Views\welcome_message.php(221): CodeIgniter\Debug\Exceptions->errorHandler(2, 'Use of undefine...', 'E:\\xampp\\htdocs...', 221, Array)
#1 E:\xampp\htdocs\lab\system\View\View.php(210): include('E:\\xampp\\htdocs...')
#2 E:\xampp\htdocs\lab\system\View\View.php(213): CodeIgniter\View\View->CodeIgniter\View\{closure}()
#3 E:\xampp\htdocs\lab\system\Common.php(1089): CodeIgniter\View\View->render('welcome_message', Array, true)
#4 E:\xampp\htdocs\lab\app\Controllers\Home.php(9): view('welcome_message')
#5 E:\xampp\htdocs\lab\system\CodeIgniter.php(825): App\Controllers\Home->index()
#6 E:\xampp\htdocs\lab\system\CodeIgniter.php(412): CodeIgniter\CodeIgniter->runController(Object(App\Controllers\Home))
#7 E:\xampp\htdocs\lab\system\CodeIgniter.php(320): CodeIgniter\CodeIgniter->handleRequest(NULL, Object(Config\Cache), false)
#8 E:\xampp\htdocs\lab\public\index.php(37): CodeIgniter\CodeIgniter->run()
#9 {main}
CRITICAL - 2022-01-26 18:37:16 --> Use of undefined constant BASEPATH - assumed 'BASEPATH' (this will throw an Error in a future version of PHP)
#0 E:\xampp\htdocs\lab\app\Views\welcome_message.php(221): CodeIgniter\Debug\Exceptions->errorHandler(2, 'Use of undefine...', 'E:\\xampp\\htdocs...', 221, Array)
#1 E:\xampp\htdocs\lab\system\View\View.php(210): include('E:\\xampp\\htdocs...')
#2 E:\xampp\htdocs\lab\system\View\View.php(213): CodeIgniter\View\View->CodeIgniter\View\{closure}()
#3 E:\xampp\htdocs\lab\system\Common.php(1089): CodeIgniter\View\View->render('welcome_message', Array, true)
#4 E:\xampp\htdocs\lab\app\Controllers\Home.php(9): view('welcome_message')
#5 E:\xampp\htdocs\lab\system\CodeIgniter.php(825): App\Controllers\Home->index()
#6 E:\xampp\htdocs\lab\system\CodeIgniter.php(412): CodeIgniter\CodeIgniter->runController(Object(App\Controllers\Home))
#7 E:\xampp\htdocs\lab\system\CodeIgniter.php(320): CodeIgniter\CodeIgniter->handleRequest(NULL, Object(Config\Cache), false)
#8 E:\xampp\htdocs\lab\public\index.php(37): CodeIgniter\CodeIgniter->run()
#9 {main}
CRITICAL - 2022-01-26 18:40:01 --> Class 'chriskacerguis\RestServer\RestController' not found
#0 E:\xampp\htdocs\lab\system\Router\Router.php(518): include_once()
#1 E:\xampp\htdocs\lab\system\Router\Router.php(175): CodeIgniter\Router\Router->autoRoute('api')
#2 E:\xampp\htdocs\lab\system\CodeIgniter.php(719): CodeIgniter\Router\Router->handle('api')
#3 E:\xampp\htdocs\lab\system\CodeIgniter.php(361): CodeIgniter\CodeIgniter->tryToRouteIt(Object(CodeIgniter\Router\RouteCollection))
#4 E:\xampp\htdocs\lab\system\CodeIgniter.php(320): CodeIgniter\CodeIgniter->handleRequest(NULL, Object(Config\Cache), false)
#5 E:\xampp\htdocs\lab\public\index.php(37): CodeIgniter\CodeIgniter->run()
#6 {main}
CRITICAL - 2022-01-26 18:52:42 --> Class 'chriskacerguis\RestServer\RestController' not found
#0 E:\xampp\htdocs\lab\system\Router\Router.php(518): include_once()
#1 E:\xampp\htdocs\lab\system\Router\Router.php(175): CodeIgniter\Router\Router->autoRoute('api/users')
#2 E:\xampp\htdocs\lab\system\CodeIgniter.php(719): CodeIgniter\Router\Router->handle('api/users')
#3 E:\xampp\htdocs\lab\system\CodeIgniter.php(361): CodeIgniter\CodeIgniter->tryToRouteIt(Object(CodeIgniter\Router\RouteCollection))
#4 E:\xampp\htdocs\lab\system\CodeIgniter.php(320): CodeIgniter\CodeIgniter->handleRequest(NULL, Object(Config\Cache), false)
#5 E:\xampp\htdocs\lab\public\index.php(37): CodeIgniter\CodeIgniter->run()
#6 {main}
CRITICAL - 2022-01-26 18:55:18 --> Class 'App\Controllers\RestController' not found
#0 E:\xampp\htdocs\lab\system\Router\Router.php(518): include_once()
#1 E:\xampp\htdocs\lab\system\Router\Router.php(175): CodeIgniter\Router\Router->autoRoute('api/users')
#2 E:\xampp\htdocs\lab\system\CodeIgniter.php(719): CodeIgniter\Router\Router->handle('api/users')
#3 E:\xampp\htdocs\lab\system\CodeIgniter.php(361): CodeIgniter\CodeIgniter->tryToRouteIt(Object(CodeIgniter\Router\RouteCollection))
#4 E:\xampp\htdocs\lab\system\CodeIgniter.php(320): CodeIgniter\CodeIgniter->handleRequest(NULL, Object(Config\Cache), false)
#5 E:\xampp\htdocs\lab\public\index.php(37): CodeIgniter\CodeIgniter->run()
#6 {main}
CRITICAL - 2022-01-26 18:59:36 --> Cannot call constructor
#0 E:\xampp\htdocs\lab\app\Controllers\Api.php(11): App\Controllers\RestController->__construct()
#1 E:\xampp\htdocs\lab\system\CodeIgniter.php(802): App\Controllers\Api->__construct()
#2 E:\xampp\htdocs\lab\system\CodeIgniter.php(403): CodeIgniter\CodeIgniter->createController()
#3 E:\xampp\htdocs\lab\system\CodeIgniter.php(320): CodeIgniter\CodeIgniter->handleRequest(NULL, Object(Config\Cache), false)
#4 E:\xampp\htdocs\lab\public\index.php(37): CodeIgniter\CodeIgniter->run()
#5 {main}
CRITICAL - 2022-01-26 19:00:20 --> Undefined property: App\Controllers\Api::$config
#0 E:\xampp\htdocs\lab\app\Controllers\RestController.php(257): CodeIgniter\Debug\Exceptions->errorHandler(8, 'Undefined prope...', 'E:\\xampp\\htdocs...', 257, Array)
#1 E:\xampp\htdocs\lab\app\Controllers\Api.php(11): App\Controllers\RestController->__construct()
#2 E:\xampp\htdocs\lab\system\CodeIgniter.php(802): App\Controllers\Api->__construct()
#3 E:\xampp\htdocs\lab\system\CodeIgniter.php(403): CodeIgniter\CodeIgniter->createController()
#4 E:\xampp\htdocs\lab\system\CodeIgniter.php(320): CodeIgniter\CodeIgniter->handleRequest(NULL, Object(Config\Cache), false)
#5 E:\xampp\htdocs\lab\public\index.php(37): CodeIgniter\CodeIgniter->run()
#6 {main}
